<?xml version="1.0" encoding="UTF-8"?>
<!-- Generated by org.testng.reporters.JUnitXMLReporter -->
<testsuite hostname="Jazz-PC" ignored="3" name="Default test" tests="7" failures="0" timestamp="2022-01-09T11:04:41 IST" time="48.066" errors="0">
  <testcase name="ReadPropertiesFile" time="0.012" classname="testCases.TC01"/>
  <testcase name="InvUnameInvPWD" time="2.532" classname="testCases.TC01"/>
  <testcase name="BlnkUnameBlnkPWD" time="2.35" classname="testCases.TC01"/>
  <testcase name="ValUnameBlnkPWD" time="2.403" classname="testCases.TC01"/>
  <testcase name="BlnkUnameValPWD" time="2.471" classname="testCases.TC01"/>
  <testcase name="BlnkUnameBlnkPWD2" time="2.561" classname="testCases.TC01"/>
  <testcase name="ValUnameValPWD2" time="5.463" classname="testCases.TC01"/>
  <testcase name="InvUnameValPWD" time="0.0" classname="testCases.TC01">
    <ignored/>
  </testcase> <!-- InvUnameValPWD -->
  <testcase name="ValUnameInvPWD" time="0.0" classname="testCases.TC01">
    <ignored/>
  </testcase> <!-- ValUnameInvPWD -->
  <testcase name="ValUnameValPWD" time="0.0" classname="testCases.TC01">
    <ignored/>
  </testcase> <!-- ValUnameValPWD -->
</testsuite> <!-- Default test -->
