<?xml version="1.0" encoding="UTF-8"?>
<testng-results skipped="0" failed="0" ignored="0" total="3" passed="3">
  <reporter-output>
  </reporter-output>
  <suite name="Default suite" duration-ms="1166" started-at="2022-03-07T20:46:39 IST" finished-at="2022-03-07T20:46:40 IST">
    <groups>
    </groups>
    <test name="Default test" duration-ms="1166" started-at="2022-03-07T20:46:39 IST" finished-at="2022-03-07T20:46:40 IST">
      <class name="testCases.ExcelPrint">
        <test-method status="PASS" signature="reade(java.lang.String,java.lang.String,java.lang.String,java.lang.String)[pri:0, instance:testCases.ExcelPrint@2db7a79b]" name="reade" duration-ms="12" started-at="2022-03-07T20:46:40 IST" data-provider="readexceldata" finished-at="2022-03-07T20:46:40 IST">
          <params>
            <param index="0">
              <value>
                <![CDATA[Irshad]]>
              </value>
            </param>
            <param index="1">
              <value>
                <![CDATA[E1001]]>
              </value>
            </param>
            <param index="2">
              <value>
                <![CDATA[Pune]]>
              </value>
            </param>
            <param index="3">
              <value>
                <![CDATA[12345.0]]>
              </value>
            </param>
          </params>
          <reporter-output>
          </reporter-output>
        </test-method> <!-- reade -->
        <test-method status="PASS" signature="reade(java.lang.String,java.lang.String,java.lang.String,java.lang.String)[pri:0, instance:testCases.ExcelPrint@2db7a79b]" name="reade" duration-ms="2" started-at="2022-03-07T20:46:40 IST" data-provider="readexceldata" finished-at="2022-03-07T20:46:40 IST">
          <params>
            <param index="0">
              <value>
                <![CDATA[Ros]]>
              </value>
            </param>
            <param index="1">
              <value>
                <![CDATA[E2002]]>
              </value>
            </param>
            <param index="2">
              <value>
                <![CDATA[Kolhapur]]>
              </value>
            </param>
            <param index="3">
              <value>
                <![CDATA[98765.0]]>
              </value>
            </param>
          </params>
          <reporter-output>
          </reporter-output>
        </test-method> <!-- reade -->
        <test-method status="PASS" signature="reade(java.lang.String,java.lang.String,java.lang.String,java.lang.String)[pri:0, instance:testCases.ExcelPrint@2db7a79b]" name="reade" duration-ms="3" started-at="2022-03-07T20:46:40 IST" data-provider="readexceldata" finished-at="2022-03-07T20:46:40 IST">
          <params>
            <param index="0">
              <value>
                <![CDATA[Jason]]>
              </value>
            </param>
            <param index="1">
              <value>
                <![CDATA[E2003]]>
              </value>
            </param>
            <param index="2">
              <value>
                <![CDATA[California]]>
              </value>
            </param>
            <param index="3">
              <value>
                <![CDATA[45678.0]]>
              </value>
            </param>
          </params>
          <reporter-output>
          </reporter-output>
        </test-method> <!-- reade -->
      </class> <!-- testCases.ExcelPrint -->
    </test> <!-- Default test -->
  </suite> <!-- Default suite -->
</testng-results>
