<?xml version="1.0" encoding="UTF-8"?>
<!-- Generated by org.testng.reporters.JUnitXMLReporter -->
<testsuite hostname="Jazz-PC" ignored="3" name="Test2" tests="6" failures="0" timestamp="2022-01-09T10:24:07 IST" time="55.57" errors="0">
  <testcase name="InvUnameInvPWD" time="3.818" classname="testCases.TC01"/>
  <testcase name="BlnkUnameBlnkPWD" time="2.896" classname="testCases.TC01"/>
  <testcase name="ValUnameBlnkPWD" time="2.455" classname="testCases.TC01"/>
  <testcase name="BlnkUnameValPWD" time="2.398" classname="testCases.TC01"/>
  <testcase name="BlnkUnameBlnkPWD2" time="2.43" classname="testCases.TC01"/>
  <testcase name="ValUnameValPWD2" time="13.102" classname="testCases.TC01"/>
  <testcase name="InvUnameValPWD" time="0.0" classname="testCases.TC01">
    <ignored/>
  </testcase> <!-- InvUnameValPWD -->
  <testcase name="ValUnameInvPWD" time="0.0" classname="testCases.TC01">
    <ignored/>
  </testcase> <!-- ValUnameInvPWD -->
  <testcase name="ValUnameValPWD" time="0.0" classname="testCases.TC01">
    <ignored/>
  </testcase> <!-- ValUnameValPWD -->
</testsuite> <!-- Test2 -->
