<?xml version="1.0" encoding="UTF-8"?>
<!-- Generated by org.testng.reporters.JUnitXMLReporter -->
<testsuite hostname="Jazz-PC" ignored="3" name="Test" tests="6" failures="0" timestamp="2022-01-09T10:03:08 IST" time="49.964" errors="0">
  <testcase name="InvUnameInvPWD" time="10.267" classname="testCases.TC01"/>
  <testcase name="BlnkUnameBlnkPWD" time="2.304" classname="testCases.TC01"/>
  <testcase name="ValUnameBlnkPWD" time="2.422" classname="testCases.TC01"/>
  <testcase name="BlnkUnameValPWD" time="2.367" classname="testCases.TC01"/>
  <testcase name="BlnkUnameBlnkPWD2" time="2.357" classname="testCases.TC01"/>
  <testcase name="ValUnameValPWD2" time="7.031" classname="testCases.TC01"/>
  <testcase name="InvUnameValPWD" time="0.0" classname="testCases.TC01">
    <ignored/>
  </testcase> <!-- InvUnameValPWD -->
  <testcase name="ValUnameInvPWD" time="0.0" classname="testCases.TC01">
    <ignored/>
  </testcase> <!-- ValUnameInvPWD -->
  <testcase name="ValUnameValPWD" time="0.0" classname="testCases.TC01">
    <ignored/>
  </testcase> <!-- ValUnameValPWD -->
</testsuite> <!-- Test -->
